#
# There is insufficient memory for the Java Runtime Environment to continue.
# Native memory allocation (mmap) failed to map 114819072 bytes for committing reserved memory.
# Possible reasons:
#   The system is out of physical RAM or swap space
#   In 32 bit mode, the process size limit was hit
# Possible solutions:
#   Reduce memory load on the system
#   Increase physical memory or swap space
#   Check if swap backing store is full
#   Use 64 bit Java on a 64 bit OS
#   Decrease Java heap size (-Xmx/-Xms)
#   Decrease number of Java threads
#   Decrease Java thread stack sizes (-Xss)
#   Set larger code cache with -XX:ReservedCodeCacheSize=
# This output file may be truncated or incomplete.
#
#  Out of Memory Error (os_linux.cpp:2627), pid=19741, tid=0x00007f5b588d7700
#
# JRE version: OpenJDK Runtime Environment (8.0_112-b06) (build 1.8.0_112-release-b06)
# Java VM: OpenJDK 64-Bit Server VM (25.112-b06 mixed mode linux-amd64 compressed oops)
# Failed to write core dump. Core dumps have been disabled. To enable core dumping, try "ulimit -c unlimited" before starting Java again
#

---------------  T H R E A D  ---------------

Current thread (0x00007f5b68077800):  VMThread [stack: 0x00007f5b587d7000,0x00007f5b588d8000] [id=19751]

Stack: [0x00007f5b587d7000,0x00007f5b588d8000],  sp=0x00007f5b588d64d0,  free space=1021k
Native frames: (J=compiled Java code, j=interpreted, Vv=VM code, C=native code)
V  [libjvm.so+0x9e465d]  VMError::report_and_die()+0x15d
V  [libjvm.so+0x4b6ada]  report_vm_out_of_memory(char const*, int, unsigned long, VMErrorType, char const*)+0x8a
V  [libjvm.so+0x84c860]  os::pd_commit_memory(char*, unsigned long, unsigned long, bool)+0xf0
V  [libjvm.so+0x84737f]  os::commit_memory(char*, unsigned long, unsigned long, bool)+0x1f
V  [libjvm.so+0x8bd3db]  PSVirtualSpace::expand_by(unsigned long)+0x5b
V  [libjvm.so+0x8ae1bb]  PSOldGen::expand_by(unsigned long) [clone .part.109]+0x1b
V  [libjvm.so+0x8ae37b]  PSOldGen::expand(unsigned long) [clone .part.111]+0xdb
V  [libjvm.so+0x8aec58]  PSOldGen::resize(unsigned long)+0x188
V  [libjvm.so+0x8b426c]  PSParallelCompact::invoke_no_policy(bool)+0x97c
V  [libjvm.so+0x8bb37d]  PSScavenge::invoke()+0x17d
V  [libjvm.so+0x86fcf3]  ParallelScavengeHeap::failed_mem_allocate(unsigned long)+0x63
V  [libjvm.so+0x9e6124]  VM_ParallelGCFailedAllocation::doit()+0x84
V  [libjvm.so+0x9ea537]  VM_Operation::evaluate()+0x47
V  [libjvm.so+0x9e8ff8]  VMThread::evaluate_operation(VM_Operation*)+0x2c8
V  [libjvm.so+0x9e9479]  VMThread::loop()+0x219
V  [libjvm.so+0x9e98c2]  VMThread::run()+0x72
V  [libjvm.so+0x849c82]  java_start(Thread*)+0xf2

VM_Operation (0x00007f5b41a8fd90): ParallelGCFailedAllocation, mode: safepoint, requested by thread 0x00007f5b68185000


---------------  P R O C E S S  ---------------

Java Threads: ( => current thread )
  0x00007f5b68187000 JavaThread "pool-2-thread-4" [_thread_blocked, id=19764, stack(0x00007f5b41890000,0x00007f5b41991000)]
  0x00007f5b68185000 JavaThread "pool-2-thread-3" [_thread_blocked, id=19763, stack(0x00007f5b41991000,0x00007f5b41a92000)]
  0x00007f5b68183800 JavaThread "pool-2-thread-2" [_thread_blocked, id=19762, stack(0x00007f5b41a92000,0x00007f5b41b93000)]
  0x00007f5b68181800 JavaThread "pool-3-thread-1" [_thread_blocked, id=19761, stack(0x00007f5b41b93000,0x00007f5b41c94000)]
  0x00007f5b68180800 JavaThread "pool-2-thread-1" [_thread_blocked, id=19760, stack(0x00007f5b41c94000,0x00007f5b41d95000)]
  0x00007f5b680d2000 JavaThread "Service Thread" daemon [_thread_blocked, id=19758, stack(0x00007f5b41eff000,0x00007f5b42000000)]
  0x00007f5b680bd000 JavaThread "C1 CompilerThread2" daemon [_thread_blocked, id=19757, stack(0x00007f5b58036000,0x00007f5b58137000)]
  0x00007f5b680bb000 JavaThread "C2 CompilerThread1" daemon [_thread_blocked, id=19756, stack(0x00007f5b58137000,0x00007f5b58238000)]
  0x00007f5b680b8000 JavaThread "C2 CompilerThread0" daemon [_thread_blocked, id=19755, stack(0x00007f5b58238000,0x00007f5b58339000)]
  0x00007f5b680b7000 JavaThread "Signal Dispatcher" daemon [_thread_blocked, id=19754, stack(0x00007f5b58339000,0x00007f5b5843a000)]
  0x00007f5b68084000 JavaThread "Finalizer" daemon [_thread_blocked, id=19753, stack(0x00007f5b585d5000,0x00007f5b586d6000)]
  0x00007f5b6807f800 JavaThread "Reference Handler" daemon [_thread_blocked, id=19752, stack(0x00007f5b586d6000,0x00007f5b587d7000)]
  0x00007f5b6800a800 JavaThread "main" [_thread_blocked, id=19746, stack(0x00007f5b70d7a000,0x00007f5b70e7b000)]

Other Threads:
=>0x00007f5b68077800 VMThread [stack: 0x00007f5b587d7000,0x00007f5b588d8000] [id=19751]
  0x00007f5b680d4800 WatcherThread [stack: 0x00007f5b41dfe000,0x00007f5b41eff000] [id=19759]

VM state:at safepoint (normal execution)

VM Mutex/Monitor currently owned by a thread:  ([mutex/lock_event])
[0x00007f5b68006260] ExpandHeap_lock - owner thread: 0x00007f5b68077800
[0x00007f5b680068e0] Threads_lock - owner thread: 0x00007f5b68077800
[0x00007f5b68006de0] Heap_lock - owner thread: 0x00007f5b68185000

Heap:
 PSYoungGen      total 224768K, used 24487K [0x00000000eab00000, 0x0000000100000000, 0x0000000100000000)
  eden space 171008K, 0% used [0x00000000eab00000,0x00000000eab00000,0x00000000f5200000)
  from space 53760K, 45% used [0x00000000fcb80000,0x00000000fe369da8,0x0000000100000000)
  to   space 89088K, 0% used [0x00000000f5200000,0x00000000f5200000,0x00000000fa900000)
 ParOldGen       total 159232K, used 159168K [0x00000000c0000000, 0x00000000c9b80000, 0x00000000eab00000)
  object space 159232K, 99% used [0x00000000c0000000,0x00000000c9b702e0,0x00000000c9b80000)
 Metaspace       used 6458K, capacity 7344K, committed 7552K, reserved 1056768K
  class space    used 589K, capacity 616K, committed 640K, reserved 1048576K

Card table byte_map: [0x00007f5b6da3d000,0x00007f5b6dc3e000] byte_map_base: 0x00007f5b6d43d000

Marking Bits: (ParMarkBitMap*) 0x00007f5b70273340
 Begin Bits: [0x00007f5b42000000, 0x00007f5b43000000)
 End Bits:   [0x00007f5b43000000, 0x00007f5b44000000)

Polling page: 0x00007f5b70e97000

CodeCache: size=245760Kb used=10184Kb max_used=10213Kb free=235575Kb
 bounds [0x00007f5b59000000, 0x00007f5b59a00000, 0x00007f5b68000000]
 total_blobs=2639 nmethods=2372 adapters=181
 compilation: enabled

Compilation events (10 events):
Event: 6,841 Thread 0x00007f5b680bd000 2609       2       com.android.dx.dex.code.TargetInsn::withNewTargetAndReversed (26 bytes)
Event: 6,841 Thread 0x00007f5b680bd000 nmethod 2609 0x00007f5b599e9950 code [0x00007f5b599e9ae0, 0x00007f5b599e9de8]
Event: 6,841 Thread 0x00007f5b680bd000 2611   !   2       com.android.dx.dex.code.OutputFinisher::reverseBranch (73 bytes)
Event: 6,842 Thread 0x00007f5b680bd000 nmethod 2611 0x00007f5b599e8590 code [0x00007f5b599e87a0, 0x00007f5b599e8f08]
Event: 6,848 Thread 0x00007f5b680bd000 2612       2       com.android.dx.cf.code.SwitchList::<init> (37 bytes)
Event: 6,848 Thread 0x00007f5b680bd000 nmethod 2612 0x00007f5b599e8050 code [0x00007f5b599e81c0, 0x00007f5b599e8478]
Event: 6,848 Thread 0x00007f5b680bd000 2613       2       com.android.dx.cf.code.SwitchList::setDefaultTarget (51 bytes)
Event: 6,848 Thread 0x00007f5b680bd000 nmethod 2613 0x00007f5b599e78d0 code [0x00007f5b599e7a80, 0x00007f5b599e7e18]
Event: 6,848 Thread 0x00007f5b680bd000 2614       2       com.android.dx.cf.code.SwitchList::setImmutable (19 bytes)
Event: 6,849 Thread 0x00007f5b680bd000 nmethod 2614 0x00007f5b599e7510 code [0x00007f5b599e7680, 0x00007f5b599e77f0]

GC Heap History (10 events):
Event: 4,342 GC heap after
Heap after GC invocations=7 (full 0):
 PSYoungGen      total 281600K, used 32224K [0x00000000eab00000, 0x0000000100000000, 0x0000000100000000)
  eden space 249344K, 0% used [0x00000000eab00000,0x00000000eab00000,0x00000000f9e80000)
  from space 32256K, 99% used [0x00000000f9e80000,0x00000000fbdf83b8,0x00000000fbe00000)
  to   space 51200K, 0% used [0x00000000fce00000,0x00000000fce00000,0x0000000100000000)
 ParOldGen       total 84992K, used 60831K [0x00000000c0000000, 0x00000000c5300000, 0x00000000eab00000)
  object space 84992K, 71% used [0x00000000c0000000,0x00000000c3b67f78,0x00000000c5300000)
 Metaspace       used 6341K, capacity 7280K, committed 7552K, reserved 1056768K
  class space    used 587K, capacity 616K, committed 640K, reserved 1048576K
}
Event: 4,342 GC heap before
{Heap before GC invocations=8 (full 1):
 PSYoungGen      total 281600K, used 32224K [0x00000000eab00000, 0x0000000100000000, 0x0000000100000000)
  eden space 249344K, 0% used [0x00000000eab00000,0x00000000eab00000,0x00000000f9e80000)
  from space 32256K, 99% used [0x00000000f9e80000,0x00000000fbdf83b8,0x00000000fbe00000)
  to   space 51200K, 0% used [0x00000000fce00000,0x00000000fce00000,0x0000000100000000)
 ParOldGen       total 84992K, used 60831K [0x00000000c0000000, 0x00000000c5300000, 0x00000000eab00000)
  object space 84992K, 71% used [0x00000000c0000000,0x00000000c3b67f78,0x00000000c5300000)
 Metaspace       used 6341K, capacity 7280K, committed 7552K, reserved 1056768K
  class space    used 587K, capacity 616K, committed 640K, reserved 1048576K
Event: 4,770 GC heap after
Heap after GC invocations=8 (full 1):
 PSYoungGen      total 281600K, used 4562K [0x00000000eab00000, 0x0000000100000000, 0x0000000100000000)
  eden space 249344K, 0% used [0x00000000eab00000,0x00000000eab00000,0x00000000f9e80000)
  from space 32256K, 14% used [0x00000000f9e80000,0x00000000fa2f4bd0,0x00000000fbe00000)
  to   space 51200K, 0% used [0x00000000fce00000,0x00000000fce00000,0x0000000100000000)
 ParOldGen       total 159232K, used 84812K [0x00000000c0000000, 0x00000000c9b80000, 0x00000000eab00000)
  object space 159232K, 53% used [0x00000000c0000000,0x00000000c52d3078,0x00000000c9b80000)
 Metaspace       used 6341K, capacity 7280K, committed 7552K, reserved 1056768K
  class space    used 587K, capacity 616K, committed 640K, reserved 1048576K
}
Event: 5,318 GC heap before
{Heap before GC invocations=9 (full 1):
 PSYoungGen      total 281600K, used 253906K [0x00000000eab00000, 0x0000000100000000, 0x0000000100000000)
  eden space 249344K, 100% used [0x00000000eab00000,0x00000000f9e80000,0x00000000f9e80000)
  from space 32256K, 14% used [0x00000000f9e80000,0x00000000fa2f4bd0,0x00000000fbe00000)
  to   space 51200K, 0% used [0x00000000fce00000,0x00000000fce00000,0x0000000100000000)
 ParOldGen       total 159232K, used 84812K [0x00000000c0000000, 0x00000000c9b80000, 0x00000000eab00000)
  object space 159232K, 53% used [0x00000000c0000000,0x00000000c52d3078,0x00000000c9b80000)
 Metaspace       used 6424K, capacity 7344K, committed 7552K, reserved 1056768K
  class space    used 589K, capacity 616K, committed 640K, reserved 1048576K
Event: 5,388 GC heap after
Heap after GC invocations=9 (full 1):
 PSYoungGen      total 292864K, used 33232K [0x00000000eab00000, 0x0000000100000000, 0x0000000100000000)
  eden space 241664K, 0% used [0x00000000eab00000,0x00000000eab00000,0x00000000f9700000)
  from space 51200K, 64% used [0x00000000fce00000,0x00000000fee740e8,0x0000000100000000)
  to   space 53760K, 0% used [0x00000000f9700000,0x00000000f9700000,0x00000000fcb80000)
 ParOldGen       total 159232K, used 84812K [0x00000000c0000000, 0x00000000c9b80000, 0x00000000eab00000)
  object space 159232K, 53% used [0x00000000c0000000,0x00000000c52d3078,0x00000000c9b80000)
 Metaspace       used 6424K, capacity 7344K, committed 7552K, reserved 1056768K
  class space    used 589K, capacity 616K, committed 640K, reserved 1048576K
}
Event: 6,167 GC heap before
{Heap before GC invocations=10 (full 1):
 PSYoungGen      total 292864K, used 274896K [0x00000000eab00000, 0x0000000100000000, 0x0000000100000000)
  eden space 241664K, 100% used [0x00000000eab00000,0x00000000f9700000,0x00000000f9700000)
  from space 51200K, 64% used [0x00000000fce00000,0x00000000fee740e8,0x0000000100000000)
  to   space 53760K, 0% used [0x00000000f9700000,0x00000000f9700000,0x00000000fcb80000)
 ParOldGen       total 159232K, used 84812K [0x00000000c0000000, 0x00000000c9b80000, 0x00000000eab00000)
  object space 159232K, 53% used [0x00000000c0000000,0x00000000c52d3078,0x00000000c9b80000)
 Metaspace       used 6452K, capacity 7344K, committed 7552K, reserved 1056768K
  class space    used 589K, capacity 616K, committed 640K, reserved 1048576K
Event: 6,240 GC heap after
Heap after GC invocations=10 (full 1):
 PSYoungGen      total 295424K, used 53733K [0x00000000eab00000, 0x0000000100000000, 0x0000000100000000)
  eden space 241664K, 0% used [0x00000000eab00000,0x00000000eab00000,0x00000000f9700000)
  from space 53760K, 99% used [0x00000000f9700000,0x00000000fcb79640,0x00000000fcb80000)
  to   space 53760K, 0% used [0x00000000fcb80000,0x00000000fcb80000,0x0000000100000000)
 ParOldGen       total 159232K, used 100103K [0x00000000c0000000, 0x00000000c9b80000, 0x00000000eab00000)
  object space 159232K, 62% used [0x00000000c0000000,0x00000000c61c1e60,0x00000000c9b80000)
 Metaspace       used 6452K, capacity 7344K, committed 7552K, reserved 1056768K
  class space    used 589K, capacity 616K, committed 640K, reserved 1048576K
}
Event: 6,902 GC heap before
{Heap before GC invocations=11 (full 1):
 PSYoungGen      total 295424K, used 295397K [0x00000000eab00000, 0x0000000100000000, 0x0000000100000000)
  eden space 241664K, 100% used [0x00000000eab00000,0x00000000f9700000,0x00000000f9700000)
  from space 53760K, 99% used [0x00000000f9700000,0x00000000fcb79640,0x00000000fcb80000)
  to   space 53760K, 0% used [0x00000000fcb80000,0x00000000fcb80000,0x0000000100000000)
 ParOldGen       total 159232K, used 100103K [0x00000000c0000000, 0x00000000c9b80000, 0x00000000eab00000)
  object space 159232K, 62% used [0x00000000c0000000,0x00000000c61c1e60,0x00000000c9b80000)
 Metaspace       used 6458K, capacity 7344K, committed 7552K, reserved 1056768K
  class space    used 589K, capacity 616K, committed 640K, reserved 1048576K
Event: 7,028 GC heap after
Heap after GC invocations=11 (full 1):
 PSYoungGen      total 224768K, used 53736K [0x00000000eab00000, 0x0000000100000000, 0x0000000100000000)
  eden space 171008K, 0% used [0x00000000eab00000,0x00000000eab00000,0x00000000f5200000)
  from space 53760K, 99% used [0x00000000fcb80000,0x00000000ffffa068,0x0000000100000000)
  to   space 89088K, 0% used [0x00000000f5200000,0x00000000f5200000,0x00000000fa900000)
 ParOldGen       total 159232K, used 136695K [0x00000000c0000000, 0x00000000c9b80000, 0x00000000eab00000)
  object space 159232K, 85% used [0x00000000c0000000,0x00000000c857ddf0,0x00000000c9b80000)
 Metaspace       used 6458K, capacity 7344K, committed 7552K, reserved 1056768K
  class space    used 589K, capacity 616K, committed 640K, reserved 1048576K
}
Event: 7,030 GC heap before
{Heap before GC invocations=12 (full 2):
 PSYoungGen      total 224768K, used 53736K [0x00000000eab00000, 0x0000000100000000, 0x0000000100000000)
  eden space 171008K, 0% used [0x00000000eab00000,0x00000000eab00000,0x00000000f5200000)
  from space 53760K, 99% used [0x00000000fcb80000,0x00000000ffffa068,0x0000000100000000)
  to   space 89088K, 0% used [0x00000000f5200000,0x00000000f5200000,0x00000000fa900000)
 ParOldGen       total 159232K, used 136695K [0x00000000c0000000, 0x00000000c9b80000, 0x00000000eab00000)
  object space 159232K, 85% used [0x00000000c0000000,0x00000000c857ddf0,0x00000000c9b80000)
 Metaspace       used 6458K, capacity 7344K, committed 7552K, reserved 1056768K
  class space    used 589K, capacity 616K, committed 640K, reserved 1048576K

Deoptimization events (10 events):
Event: 3,716 Thread 0x00007f5b6800a800 Uncommon trap: reason=unstable_if action=reinterpret pc=0x00007f5b596892c0 method=com.android.dx.ssa.MoveParamCombiner$1.visitNonMoveInsn(Lcom/android/dx/ssa/NormalSsaInsn;)V @ 27
Event: 5,310 Thread 0x00007f5b68187000 Uncommon trap: reason=bimorphic action=maybe_recompile pc=0x00007f5b597c9bf4 method=com.android.dx.cf.code.BytecodeArray.parseInstruction(ILcom/android/dx/cf/code/BytecodeArray$Visitor;)I @ 1417
Event: 5,310 Thread 0x00007f5b68187000 Uncommon trap: reason=bimorphic action=maybe_recompile pc=0x00007f5b597c9bf4 method=com.android.dx.cf.code.BytecodeArray.parseInstruction(ILcom/android/dx/cf/code/BytecodeArray$Visitor;)I @ 1417
Event: 5,537 Thread 0x00007f5b68187000 Uncommon trap: reason=unstable_if action=reinterpret pc=0x00007f5b5983a8a4 method=com.android.dx.rop.code.RegisterSpec.intersect(Lcom/android/dx/rop/code/RegisterSpec;Z)Lcom/android/dx/rop/code/RegisterSpec; @ 42
Event: 5,551 Thread 0x00007f5b68187000 Uncommon trap: reason=unstable_if action=reinterpret pc=0x00007f5b598fa734 method=com.android.dx.rop.code.RegisterSpec.intersect(Lcom/android/dx/rop/code/RegisterSpec;Z)Lcom/android/dx/rop/code/RegisterSpec; @ 42
Event: 5,560 Thread 0x00007f5b68180800 Uncommon trap: reason=unstable_if action=reinterpret pc=0x00007f5b59782658 method=com.android.dx.ssa.SCCP.simulateBranch(Lcom/android/dx/ssa/SsaInsn;)V @ 548
Event: 5,924 Thread 0x00007f5b68187000 Uncommon trap: reason=bimorphic action=maybe_recompile pc=0x00007f5b59953e78 method=com.android.dx.cf.code.BaseMachine.getLocalTarget(Z)Lcom/android/dx/rop/code/RegisterSpec; @ 70
Event: 5,937 Thread 0x00007f5b68185000 Uncommon trap: reason=bimorphic action=maybe_recompile pc=0x00007f5b59953e78 method=com.android.dx.cf.code.BaseMachine.getLocalTarget(Z)Lcom/android/dx/rop/code/RegisterSpec; @ 70
Event: 5,940 Thread 0x00007f5b68183800 Uncommon trap: reason=bimorphic action=maybe_recompile pc=0x00007f5b59953e78 method=com.android.dx.cf.code.BaseMachine.getLocalTarget(Z)Lcom/android/dx/rop/code/RegisterSpec; @ 70
Event: 5,945 Thread 0x00007f5b68187000 Uncommon trap: reason=unstable_if action=reinterpret pc=0x00007f5b599539f0 method=com.android.dx.cf.code.BaseMachine.getLocalTarget(Z)Lcom/android/dx/rop/code/RegisterSpec; @ 131

Internal exceptions (8 events):
Event: 0,077 Thread 0x00007f5b6800a800 Exception <a 'java/lang/NoSuchMethodError': Method sun.misc.Unsafe.defineClass(Ljava/lang/String;[BII)Ljava/lang/Class; name or signature does not match> (0x00000000eab07c78) thrown at [/ssd/Android/AOSP-openjdk/external/jetbrains/jdk/hotspot/src/share/vm
Event: 0,077 Thread 0x00007f5b6800a800 Exception <a 'java/lang/NoSuchMethodError': Method sun.misc.Unsafe.prefetchRead(Ljava/lang/Object;J)V name or signature does not match> (0x00000000eab07f60) thrown at [/ssd/Android/AOSP-openjdk/external/jetbrains/jdk/hotspot/src/share/vm/prims/jni.cpp, li
Event: 0,724 Thread 0x00007f5b68180800 Implicit null exception at 0x00007f5b59340696 to 0x00007f5b59342c25
Event: 0,965 Thread 0x00007f5b68185000 Implicit null exception at 0x00007f5b5933776c to 0x00007f5b5933a041
Event: 1,055 Thread 0x00007f5b68187000 Implicit null exception at 0x00007f5b5938d64d to 0x00007f5b5938d829
Event: 1,346 Thread 0x00007f5b68187000 Exception <a 'java/lang/ArrayIndexOutOfBoundsException': 18> (0x00000000ebecbce0) thrown at [/ssd/Android/AOSP-openjdk/external/jetbrains/jdk/hotspot/src/share/vm/interpreter/interpreterRuntime.cpp, line 366]
Event: 1,347 Thread 0x00007f5b68187000 Exception <a 'java/lang/ArrayIndexOutOfBoundsException': 145> (0x00000000ebecd860) thrown at [/ssd/Android/AOSP-openjdk/external/jetbrains/jdk/hotspot/src/share/vm/interpreter/interpreterRuntime.cpp, line 366]
Event: 1,348 Thread 0x00007f5b68187000 Exception <a 'java/lang/ArrayIndexOutOfBoundsException': 40> (0x00000000ebeceb48) thrown at [/ssd/Android/AOSP-openjdk/external/jetbrains/jdk/hotspot/src/share/vm/interpreter/interpreterRuntime.cpp, line 366]

Events (10 events):
Event: 6,750 Thread 0x00007f5b6800a800 DEOPT UNPACKING pc=0x00007f5b59047373 sp=0x00007f5b70e78650 mode 0
Event: 6,796 Thread 0x00007f5b68183800 DEOPT PACKING pc=0x00007f5b593f8d2c sp=0x00007f5b41b91280
Event: 6,796 Thread 0x00007f5b68183800 DEOPT UNPACKING pc=0x00007f5b59047373 sp=0x00007f5b41b90f80 mode 0
Event: 6,847 Thread 0x00007f5b68183800 DEOPT PACKING pc=0x00007f5b593f8d2c sp=0x00007f5b41b91180
Event: 6,847 Thread 0x00007f5b68183800 DEOPT UNPACKING pc=0x00007f5b59047373 sp=0x00007f5b41b90e80 mode 0
Event: 6,857 Thread 0x00007f5b68180800 DEOPT PACKING pc=0x00007f5b594d7ef8 sp=0x00007f5b41d93080
Event: 6,857 Thread 0x00007f5b68180800 DEOPT UNPACKING pc=0x00007f5b59047373 sp=0x00007f5b41d92ed0 mode 0
Event: 6,896 Thread 0x00007f5b68187000 DEOPT PACKING pc=0x00007f5b593f8d2c sp=0x00007f5b4198f280
Event: 6,896 Thread 0x00007f5b68187000 DEOPT UNPACKING pc=0x00007f5b59047373 sp=0x00007f5b4198ef80 mode 0
Event: 6,902 Executing VM operation: ParallelGCFailedAllocation


Dynamic libraries:
00400000-00401000 r-xp 00000000 08:02 5783390                            /home/cesar/Downloads/android-studio/jre/bin/java
00600000-00601000 r--p 00000000 08:02 5783390                            /home/cesar/Downloads/android-studio/jre/bin/java
00601000-00602000 rw-p 00001000 08:02 5783390                            /home/cesar/Downloads/android-studio/jre/bin/java
01882000-018a3000 rw-p 00000000 00:00 0                                  [heap]
c0000000-c9b80000 rw-p 00000000 00:00 0 
d0900000-eab00000 ---p 00000000 00:00 0 
eab00000-100000000 rw-p 00000000 00:00 0 
100000000-1000a0000 rw-p 00000000 00:00 0 
1000a0000-140000000 ---p 00000000 00:00 0 
7f5b0c000000-7f5b0c02c000 rw-p 00000000 00:00 0 
7f5b0c02c000-7f5b10000000 ---p 00000000 00:00 0 
7f5b10000000-7f5b10021000 rw-p 00000000 00:00 0 
7f5b10021000-7f5b14000000 ---p 00000000 00:00 0 
7f5b14000000-7f5b14021000 rw-p 00000000 00:00 0 
7f5b14021000-7f5b18000000 ---p 00000000 00:00 0 
7f5b18000000-7f5b18022000 rw-p 00000000 00:00 0 
7f5b18022000-7f5b1c000000 ---p 00000000 00:00 0 
7f5b1c000000-7f5b1c021000 rw-p 00000000 00:00 0 
7f5b1c021000-7f5b20000000 ---p 00000000 00:00 0 
7f5b20000000-7f5b2002e000 rw-p 00000000 00:00 0 
7f5b2002e000-7f5b24000000 ---p 00000000 00:00 0 
7f5b24000000-7f5b24b33000 rw-p 00000000 00:00 0 
7f5b24b33000-7f5b28000000 ---p 00000000 00:00 0 
7f5b28000000-7f5b28021000 rw-p 00000000 00:00 0 
7f5b28021000-7f5b2c000000 ---p 00000000 00:00 0 
7f5b2c000000-7f5b2cf93000 rw-p 00000000 00:00 0 
7f5b2cf93000-7f5b30000000 ---p 00000000 00:00 0 
7f5b30000000-7f5b312aa000 rw-p 00000000 00:00 0 
7f5b312aa000-7f5b34000000 ---p 00000000 00:00 0 
7f5b34000000-7f5b34021000 rw-p 00000000 00:00 0 
7f5b34021000-7f5b38000000 ---p 00000000 00:00 0 
7f5b38000000-7f5b38021000 rw-p 00000000 00:00 0 
7f5b38021000-7f5b3c000000 ---p 00000000 00:00 0 
7f5b3c000000-7f5b3c021000 rw-p 00000000 00:00 0 
7f5b3c021000-7f5b40000000 ---p 00000000 00:00 0 
7f5b41890000-7f5b41893000 ---p 00000000 00:00 0 
7f5b41893000-7f5b41991000 rw-p 00000000 00:00 0 
7f5b41991000-7f5b41994000 ---p 00000000 00:00 0 
7f5b41994000-7f5b41a92000 rw-p 00000000 00:00 0 
7f5b41a92000-7f5b41a95000 ---p 00000000 00:00 0 
7f5b41a95000-7f5b41b93000 rw-p 00000000 00:00 0 
7f5b41b93000-7f5b41b96000 ---p 00000000 00:00 0 
7f5b41b96000-7f5b41c94000 rw-p 00000000 00:00 0 
7f5b41c94000-7f5b41c97000 ---p 00000000 00:00 0 
7f5b41c97000-7f5b41d95000 rw-p 00000000 00:00 0 
7f5b41d95000-7f5b41dfe000 r--s 004e6000 08:02 531178                     /home/cesar/Projetos/Desenvolvimento/Android/coletaneaicm3/app/build/intermediates/transforms/jarMerging/debug/jars/1/1f/combined.jar
7f5b41dfe000-7f5b41dff000 ---p 00000000 00:00 0 
7f5b41dff000-7f5b41eff000 rw-p 00000000 00:00 0 
7f5b41eff000-7f5b41f02000 ---p 00000000 00:00 0 
7f5b41f02000-7f5b44000000 rw-p 00000000 00:00 0 
7f5b44000000-7f5b44021000 rw-p 00000000 00:00 0 
7f5b44021000-7f5b48000000 ---p 00000000 00:00 0 
7f5b48000000-7f5b4827f000 rw-p 00000000 00:00 0 
7f5b4827f000-7f5b4c000000 ---p 00000000 00:00 0 
7f5b4c000000-7f5b4c021000 rw-p 00000000 00:00 0 
7f5b4c021000-7f5b50000000 ---p 00000000 00:00 0 
7f5b50000000-7f5b50021000 rw-p 00000000 00:00 0 
7f5b50021000-7f5b54000000 ---p 00000000 00:00 0 
7f5b54000000-7f5b54021000 rw-p 00000000 00:00 0 
7f5b54021000-7f5b58000000 ---p 00000000 00:00 0 
7f5b58020000-7f5b58027000 r--s 00000000 08:02 6822223                    /usr/lib/x86_64-linux-gnu/gconv/gconv-modules.cache
7f5b58027000-7f5b58036000 r--p 00000000 08:02 925599                     /usr/share/locale/pt_BR/LC_MESSAGES/libc.mo
7f5b58036000-7f5b58039000 ---p 00000000 00:00 0 
7f5b58039000-7f5b58137000 rw-p 00000000 00:00 0 
7f5b58137000-7f5b5813a000 ---p 00000000 00:00 0 
7f5b5813a000-7f5b58238000 rw-p 00000000 00:00 0 
7f5b58238000-7f5b5823b000 ---p 00000000 00:00 0 
7f5b5823b000-7f5b58339000 rw-p 00000000 00:00 0 
7f5b58339000-7f5b5833c000 ---p 00000000 00:00 0 
7f5b5833c000-7f5b5843a000 rw-p 00000000 00:00 0 
7f5b5843a000-7f5b585d5000 r--p 00000000 08:02 6690509                    /usr/lib/locale/locale-archive
7f5b585d5000-7f5b585d8000 ---p 00000000 00:00 0 
7f5b585d8000-7f5b586d6000 rw-p 00000000 00:00 0 
7f5b586d6000-7f5b586d9000 ---p 00000000 00:00 0 
7f5b586d9000-7f5b587d7000 rw-p 00000000 00:00 0 
7f5b587d7000-7f5b587d8000 ---p 00000000 00:00 0 
7f5b587d8000-7f5b59000000 rw-p 00000000 00:00 0 
7f5b59000000-7f5b59a00000 rwxp 00000000 00:00 0 
7f5b59a00000-7f5b68000000 ---p 00000000 00:00 0 
7f5b68000000-7f5b683ad000 rw-p 00000000 00:00 0 
7f5b683ad000-7f5b6c000000 ---p 00000000 00:00 0 
7f5b6c006000-7f5b6c89e000 rw-p 00000000 00:00 0 
7f5b6c89e000-7f5b6ca6d000 r--s 03c1b000 08:02 5783475                    /home/cesar/Downloads/android-studio/jre/jre/lib/rt.jar
7f5b6ca6d000-7f5b6d1a3000 rw-p 00000000 00:00 0 
7f5b6d1a3000-7f5b6d2e3000 ---p 00000000 00:00 0 
7f5b6d2e3000-7f5b6d4e3000 rw-p 00000000 00:00 0 
7f5b6d4e3000-7f5b6d4e4000 ---p 00000000 00:00 0 
7f5b6d4e4000-7f5b6d5e4000 rw-p 00000000 00:00 0 
7f5b6d5e4000-7f5b6d5e5000 ---p 00000000 00:00 0 
7f5b6d5e5000-7f5b6d6e5000 rw-p 00000000 00:00 0 
7f5b6d6e5000-7f5b6d6e6000 ---p 00000000 00:00 0 
7f5b6d6e6000-7f5b6d7e6000 rw-p 00000000 00:00 0 
7f5b6d7e6000-7f5b6d7e7000 ---p 00000000 00:00 0 
7f5b6d7e7000-7f5b6d935000 rw-p 00000000 00:00 0 
7f5b6d935000-7f5b6da3d000 ---p 00000000 00:00 0 
7f5b6da3d000-7f5b6da8b000 rw-p 00000000 00:00 0 
7f5b6da8b000-7f5b6db92000 ---p 00000000 00:00 0 
7f5b6db92000-7f5b6dc3d000 rw-p 00000000 00:00 0 
7f5b6dc3d000-7f5b6dc66000 rw-p 00000000 00:00 0 
7f5b6dc66000-7f5b6dffe000 ---p 00000000 00:00 0 
7f5b6dffe000-7f5b6e018000 r-xp 00000000 08:02 5783510                    /home/cesar/Downloads/android-studio/jre/jre/lib/amd64/libzip.so
7f5b6e018000-7f5b6e218000 ---p 0001a000 08:02 5783510                    /home/cesar/Downloads/android-studio/jre/jre/lib/amd64/libzip.so
7f5b6e218000-7f5b6e219000 r--p 0001a000 08:02 5783510                    /home/cesar/Downloads/android-studio/jre/jre/lib/amd64/libzip.so
7f5b6e219000-7f5b6e21a000 rw-p 0001b000 08:02 5783510                    /home/cesar/Downloads/android-studio/jre/jre/lib/amd64/libzip.so
7f5b6e21a000-7f5b6e224000 r-xp 00000000 08:02 6424918                    /lib/x86_64-linux-gnu/libnss_files-2.24.so
7f5b6e224000-7f5b6e424000 ---p 0000a000 08:02 6424918                    /lib/x86_64-linux-gnu/libnss_files-2.24.so
7f5b6e424000-7f5b6e425000 r--p 0000a000 08:02 6424918                    /lib/x86_64-linux-gnu/libnss_files-2.24.so
7f5b6e425000-7f5b6e426000 rw-p 0000b000 08:02 6424918                    /lib/x86_64-linux-gnu/libnss_files-2.24.so
7f5b6e426000-7f5b6e42c000 rw-p 00000000 00:00 0 
7f5b6e42c000-7f5b6e437000 r-xp 00000000 08:02 6424922                    /lib/x86_64-linux-gnu/libnss_nis-2.24.so
7f5b6e437000-7f5b6e636000 ---p 0000b000 08:02 6424922                    /lib/x86_64-linux-gnu/libnss_nis-2.24.so
7f5b6e636000-7f5b6e637000 r--p 0000a000 08:02 6424922                    /lib/x86_64-linux-gnu/libnss_nis-2.24.so
7f5b6e637000-7f5b6e638000 rw-p 0000b000 08:02 6424922                    /lib/x86_64-linux-gnu/libnss_nis-2.24.so
7f5b6e638000-7f5b6e64c000 r-xp 00000000 08:02 6424912                    /lib/x86_64-linux-gnu/libnsl-2.24.so
7f5b6e64c000-7f5b6e84c000 ---p 00014000 08:02 6424912                    /lib/x86_64-linux-gnu/libnsl-2.24.so
7f5b6e84c000-7f5b6e84d000 r--p 00014000 08:02 6424912                    /lib/x86_64-linux-gnu/libnsl-2.24.so
7f5b6e84d000-7f5b6e84e000 rw-p 00015000 08:02 6424912                    /lib/x86_64-linux-gnu/libnsl-2.24.so
7f5b6e84e000-7f5b6e850000 rw-p 00000000 00:00 0 
7f5b6e850000-7f5b6e857000 r-xp 00000000 08:02 6424914                    /lib/x86_64-linux-gnu/libnss_compat-2.24.so
7f5b6e857000-7f5b6ea56000 ---p 00007000 08:02 6424914                    /lib/x86_64-linux-gnu/libnss_compat-2.24.so
7f5b6ea56000-7f5b6ea57000 r--p 00006000 08:02 6424914                    /lib/x86_64-linux-gnu/libnss_compat-2.24.so
7f5b6ea57000-7f5b6ea58000 rw-p 00007000 08:02 6424914                    /lib/x86_64-linux-gnu/libnss_compat-2.24.so
7f5b6ea58000-7f5b6ea85000 r-xp 00000000 08:02 5783532                    /home/cesar/Downloads/android-studio/jre/jre/lib/amd64/libjava.so
7f5b6ea85000-7f5b6ec84000 ---p 0002d000 08:02 5783532                    /home/cesar/Downloads/android-studio/jre/jre/lib/amd64/libjava.so
7f5b6ec84000-7f5b6ec85000 r--p 0002c000 08:02 5783532                    /home/cesar/Downloads/android-studio/jre/jre/lib/amd64/libjava.so
7f5b6ec85000-7f5b6ec87000 rw-p 0002d000 08:02 5783532                    /home/cesar/Downloads/android-studio/jre/jre/lib/amd64/libjava.so
7f5b6ec87000-7f5b6ec97000 r-xp 00000000 08:02 5783580                    /home/cesar/Downloads/android-studio/jre/jre/lib/amd64/libverify.so
7f5b6ec97000-7f5b6ee96000 ---p 00010000 08:02 5783580                    /home/cesar/Downloads/android-studio/jre/jre/lib/amd64/libverify.so
7f5b6ee96000-7f5b6ee98000 r--p 0000f000 08:02 5783580                    /home/cesar/Downloads/android-studio/jre/jre/lib/amd64/libverify.so
7f5b6ee98000-7f5b6ee99000 rw-p 00011000 08:02 5783580                    /home/cesar/Downloads/android-studio/jre/jre/lib/amd64/libverify.so
7f5b6ee99000-7f5b6eea0000 r-xp 00000000 08:02 6424971                    /lib/x86_64-linux-gnu/librt-2.24.so
7f5b6eea0000-7f5b6f09f000 ---p 00007000 08:02 6424971                    /lib/x86_64-linux-gnu/librt-2.24.so
7f5b6f09f000-7f5b6f0a0000 r--p 00006000 08:02 6424971                    /lib/x86_64-linux-gnu/librt-2.24.so
7f5b6f0a0000-7f5b6f0a1000 rw-p 00007000 08:02 6424971                    /lib/x86_64-linux-gnu/librt-2.24.so
7f5b6f0a1000-7f5b6f1a4000 r-xp 00000000 08:02 6424895                    /lib/x86_64-linux-gnu/libm-2.24.so
7f5b6f1a4000-7f5b6f3a3000 ---p 00103000 08:02 6424895                    /lib/x86_64-linux-gnu/libm-2.24.so
7f5b6f3a3000-7f5b6f3a4000 r--p 00102000 08:02 6424895                    /lib/x86_64-linux-gnu/libm-2.24.so
7f5b6f3a4000-7f5b6f3a5000 rw-p 00103000 08:02 6424895                    /lib/x86_64-linux-gnu/libm-2.24.so
7f5b6f3a5000-7f5b6ff96000 r-xp 00000000 08:02 5783584                    /home/cesar/Downloads/android-studio/jre/jre/lib/amd64/server/libjvm.so
7f5b6ff96000-7f5b70196000 ---p 00bf1000 08:02 5783584                    /home/cesar/Downloads/android-studio/jre/jre/lib/amd64/server/libjvm.so
7f5b70196000-7f5b70235000 r--p 00bf1000 08:02 5783584                    /home/cesar/Downloads/android-studio/jre/jre/lib/amd64/server/libjvm.so
7f5b70235000-7f5b7025e000 rw-p 00c90000 08:02 5783584                    /home/cesar/Downloads/android-studio/jre/jre/lib/amd64/server/libjvm.so
7f5b7025e000-7f5b702a2000 rw-p 00000000 00:00 0 
7f5b702a2000-7f5b702ba000 r-xp 00000000 08:02 6424961                    /lib/x86_64-linux-gnu/libpthread-2.24.so
7f5b702ba000-7f5b704b9000 ---p 00018000 08:02 6424961                    /lib/x86_64-linux-gnu/libpthread-2.24.so
7f5b704b9000-7f5b704ba000 r--p 00017000 08:02 6424961                    /lib/x86_64-linux-gnu/libpthread-2.24.so
7f5b704ba000-7f5b704bb000 rw-p 00018000 08:02 6424961                    /lib/x86_64-linux-gnu/libpthread-2.24.so
7f5b704bb000-7f5b704bf000 rw-p 00000000 00:00 0 
7f5b704bf000-7f5b704c1000 r-xp 00000000 08:02 6424846                    /lib/x86_64-linux-gnu/libdl-2.24.so
7f5b704c1000-7f5b706c1000 ---p 00002000 08:02 6424846                    /lib/x86_64-linux-gnu/libdl-2.24.so
7f5b706c1000-7f5b706c2000 r--p 00002000 08:02 6424846                    /lib/x86_64-linux-gnu/libdl-2.24.so
7f5b706c2000-7f5b706c3000 rw-p 00003000 08:02 6424846                    /lib/x86_64-linux-gnu/libdl-2.24.so
7f5b706c3000-7f5b70858000 r-xp 00000000 08:02 6424823                    /lib/x86_64-linux-gnu/libc-2.24.so
7f5b70858000-7f5b70a57000 ---p 00195000 08:02 6424823                    /lib/x86_64-linux-gnu/libc-2.24.so
7f5b70a57000-7f5b70a5b000 r--p 00194000 08:02 6424823                    /lib/x86_64-linux-gnu/libc-2.24.so
7f5b70a5b000-7f5b70a5d000 rw-p 00198000 08:02 6424823                    /lib/x86_64-linux-gnu/libc-2.24.so
7f5b70a5d000-7f5b70a61000 rw-p 00000000 00:00 0 
7f5b70a61000-7f5b70a77000 r-xp 00000000 08:02 5783347                    /home/cesar/Downloads/android-studio/jre/lib/amd64/jli/libjli.so
7f5b70a77000-7f5b70c76000 ---p 00016000 08:02 5783347                    /home/cesar/Downloads/android-studio/jre/lib/amd64/jli/libjli.so
7f5b70c76000-7f5b70c77000 r--p 00015000 08:02 5783347                    /home/cesar/Downloads/android-studio/jre/lib/amd64/jli/libjli.so
7f5b70c77000-7f5b70c78000 rw-p 00016000 08:02 5783347                    /home/cesar/Downloads/android-studio/jre/lib/amd64/jli/libjli.so
7f5b70c78000-7f5b70c9b000 r-xp 00000000 08:02 6424797                    /lib/x86_64-linux-gnu/ld-2.24.so
7f5b70ca1000-7f5b70d7a000 rw-p 00000000 00:00 0 
7f5b70d7a000-7f5b70d7d000 ---p 00000000 00:00 0 
7f5b70d7d000-7f5b70e7d000 rw-p 00000000 00:00 0 
7f5b70e7f000-7f5b70e8e000 r--s 000ed000 08:02 4341564                    /home/cesar/Android/Sdk/build-tools/26.0.2/lib/dx.jar
7f5b70e8e000-7f5b70e96000 rw-s 00000000 08:02 3555602                    /tmp/hsperfdata_cesar/19741
7f5b70e96000-7f5b70e97000 rw-p 00000000 00:00 0 
7f5b70e97000-7f5b70e98000 ---p 00000000 00:00 0 
7f5b70e98000-7f5b70e9b000 rw-p 00000000 00:00 0 
7f5b70e9b000-7f5b70e9c000 r--p 00023000 08:02 6424797                    /lib/x86_64-linux-gnu/ld-2.24.so
7f5b70e9c000-7f5b70e9d000 rw-p 00024000 08:02 6424797                    /lib/x86_64-linux-gnu/ld-2.24.so
7f5b70e9d000-7f5b70e9e000 rw-p 00000000 00:00 0 
7fff44cff000-7fff44d20000 rw-p 00000000 00:00 0                          [stack]
7fff44d73000-7fff44d75000 r--p 00000000 00:00 0                          [vvar]
7fff44d75000-7fff44d77000 r-xp 00000000 00:00 0                          [vdso]
ffffffffff600000-ffffffffff601000 r-xp 00000000 00:00 0                  [vsyscall]

VM Arguments:
jvm_args: -Djava.awt.headless=true -Xmx1024M -Dfile.encoding=UTF-8 -Duser.country=BR -Duser.language=pt -Duser.variant -Dawt.useSystemAAFontSettings=gasp 
java_command: com.android.dx.command.Main --dex --num-threads=4 --multi-dex --main-dex-list /home/cesar/Projetos/Desenvolvimento/Android/coletaneaicm3/app/build/intermediates/multi-dex/debug/maindexlist.txt --output /home/cesar/Projetos/Desenvolvimento/Android/coletaneaicm3/app/build/intermediates/transforms/dex/debug/folders/1000/1f/main /home/cesar/Projetos/Desenvolvimento/Android/coletaneaicm3/app/build/intermediates/transforms/jarMerging/debug/jars/1/1f/combined.jar
java_class_path (initial): /home/cesar/Android/Sdk/build-tools/26.0.2/lib/dx.jar
Launcher Type: SUN_STANDARD

Environment Variables:
_JAVA_OPTIONS=  -Dawt.useSystemAAFontSettings=gasp
PATH=/usr/local/bin:/usr/bin:/bin:/usr/local/games:/usr/games
LD_LIBRARY_PATH=/home/cesar/Downloads/android-studio/bin:
SHELL=/bin/bash
DISPLAY=:0

Signal Handlers:
SIGSEGV: [libjvm.so+0x9e5150], sa_mask[0]=11111111011111111101111111111110, sa_flags=SA_RESTART|SA_SIGINFO
SIGBUS: [libjvm.so+0x9e5150], sa_mask[0]=11111111011111111101111111111110, sa_flags=SA_RESTART|SA_SIGINFO
SIGFPE: [libjvm.so+0x848450], sa_mask[0]=11111111011111111101111111111110, sa_flags=SA_RESTART|SA_SIGINFO
SIGPIPE: [libjvm.so+0x848450], sa_mask[0]=11111111011111111101111111111110, sa_flags=SA_RESTART|SA_SIGINFO
SIGXFSZ: [libjvm.so+0x848450], sa_mask[0]=11111111011111111101111111111110, sa_flags=SA_RESTART|SA_SIGINFO
SIGILL: [libjvm.so+0x848450], sa_mask[0]=11111111011111111101111111111110, sa_flags=SA_RESTART|SA_SIGINFO
SIGUSR1: SIG_DFL, sa_mask[0]=00000000000000000000000000000000, sa_flags=none
SIGUSR2: [libjvm.so+0x848320], sa_mask[0]=00100000000000000000000000000000, sa_flags=SA_RESTART|SA_SIGINFO
SIGHUP: SIG_IGN, sa_mask[0]=00000000000000000000000000000000, sa_flags=none
SIGINT: [libjvm.so+0x848510], sa_mask[0]=11111111011111111101111111111110, sa_flags=SA_RESTART|SA_SIGINFO
SIGTERM: [libjvm.so+0x848510], sa_mask[0]=11111111011111111101111111111110, sa_flags=SA_RESTART|SA_SIGINFO
SIGQUIT: [libjvm.so+0x848510], sa_mask[0]=11111111011111111101111111111110, sa_flags=SA_RESTART|SA_SIGINFO


---------------  S Y S T E M  ---------------

OS:DISTRIB_ID=Deepin
DISTRIB_RELEASE=15.4.1
DISTRIB_DESCRIPTION="Deepin 15.4.1 "
DISTRIB_CODENAME=unstable

uname:Linux 4.9.0-deepin9-amd64 #1 SMP PREEMPT Deepin 4.9.29-4 (2017-07-17) x86_64
libc:glibc 2.24 NPTL 2.24 
rlimit: STACK 8192k, CORE 0k, NPROC 31314, NOFILE 1048576, AS infinity
load average:39,81 53,91 34,63

/proc/meminfo:
MemTotal:        8063732 kB
MemFree:          120700 kB
MemAvailable:      28580 kB
Buffers:             968 kB
Cached:           576488 kB
SwapCached:         6012 kB
Active:          5344896 kB
Inactive:         826196 kB
Active(anon):    5322320 kB
Inactive(anon):   805896 kB
Active(file):      22576 kB
Inactive(file):    20300 kB
Unevictable:         120 kB
Mlocked:             120 kB
SwapTotal:       4194300 kB
SwapFree:             16 kB
Dirty:               128 kB
Writeback:             0 kB
AnonPages:       5590484 kB
Mapped:          1684576 kB
Shmem:            534484 kB
Slab:             144320 kB
SReclaimable:      46800 kB
SUnreclaim:        97520 kB
KernelStack:       22272 kB
PageTables:       112852 kB
NFS_Unstable:          0 kB
Bounce:                0 kB
WritebackTmp:          0 kB
CommitLimit:     8226164 kB
Committed_AS:   21618704 kB
VmallocTotal:   34359738367 kB
VmallocUsed:           0 kB
VmallocChunk:          0 kB
HardwareCorrupted:     0 kB
AnonHugePages:         0 kB
ShmemHugePages:        0 kB
ShmemPmdMapped:        0 kB
HugePages_Total:       0
HugePages_Free:        0
HugePages_Rsvd:        0
HugePages_Surp:        0
Hugepagesize:       2048 kB
DirectMap4k:      468068 kB
DirectMap2M:     7804928 kB
DirectMap1G:           0 kB


CPU:total 4 (4 cores per cpu, 1 threads per core) family 6 model 158 stepping 9, cmov, cx8, fxsr, mmx, sse, sse2, sse3, ssse3, sse4.1, sse4.2, popcnt, avx, avx2, aes, clmul, erms, 3dnowpref, lzcnt, tsc, tscinvbit, bmi1, bmi2, adx

/proc/cpuinfo:
processor	: 0
vendor_id	: GenuineIntel
cpu family	: 6
model		: 158
model name	: Intel(R) Core(TM) i5-7400 CPU @ 3.00GHz
stepping	: 9
microcode	: 0x5e
cpu MHz		: 3001.000
cache size	: 6144 KB
physical id	: 0
siblings	: 4
core id		: 0
cpu cores	: 4
apicid		: 0
initial apicid	: 0
fpu		: yes
fpu_exception	: yes
cpuid level	: 22
wp		: yes
flags		: fpu vme de pse tsc msr pae mce cx8 apic sep mtrr pge mca cmov pat pse36 clflush dts acpi mmx fxsr sse sse2 ss ht tm pbe syscall nx pdpe1gb rdtscp lm constant_tsc art arch_perfmon pebs bts rep_good nopl xtopology nonstop_tsc aperfmperf eagerfpu pni pclmulqdq dtes64 monitor ds_cpl vmx est tm2 ssse3 sdbg fma cx16 xtpr pdcm pcid sse4_1 sse4_2 x2apic movbe popcnt tsc_deadline_timer aes xsave avx f16c rdrand lahf_lm abm 3dnowprefetch intel_pt tpr_shadow vnmi flexpriority ept vpid fsgsbase tsc_adjust bmi1 avx2 smep bmi2 erms invpcid mpx rdseed adx smap clflushopt xsaveopt xsavec xgetbv1 xsaves dtherm ida arat pln pts hwp hwp_notify hwp_act_window hwp_epp
bugs		:
bogomips	: 6000.00
clflush size	: 64
cache_alignment	: 64
address sizes	: 39 bits physical, 48 bits virtual
power management:

processor	: 1
vendor_id	: GenuineIntel
cpu family	: 6
model		: 158
model name	: Intel(R) Core(TM) i5-7400 CPU @ 3.00GHz
stepping	: 9
microcode	: 0x5e
cpu MHz		: 800.000
cache size	: 6144 KB
physical id	: 0
siblings	: 4
core id		: 1
cpu cores	: 4
apicid		: 2
initial apicid	: 2
fpu		: yes
fpu_exception	: yes
cpuid level	: 22
wp		: yes
flags		: fpu vme de pse tsc msr pae mce cx8 apic sep mtrr pge mca cmov pat pse36 clflush dts acpi mmx fxsr sse sse2 ss ht tm pbe syscall nx pdpe1gb rdtscp lm constant_tsc art arch_perfmon pebs bts rep_good nopl xtopology nonstop_tsc aperfmperf eagerfpu pni pclmulqdq dtes64 monitor ds_cpl vmx est tm2 ssse3 sdbg fma cx16 xtpr pdcm pcid sse4_1 sse4_2 x2apic movbe popcnt tsc_deadline_timer aes xsave avx f16c rdrand lahf_lm abm 3dnowprefetch intel_pt tpr_shadow vnmi flexpriority ept vpid fsgsbase tsc_adjust bmi1 avx2 smep bmi2 erms invpcid mpx rdseed adx smap clflushopt xsaveopt xsavec xgetbv1 xsaves dtherm ida arat pln pts hwp hwp_notify hwp_act_window hwp_epp
bugs		:
bogomips	: 6000.00
clflush size	: 64
cache_alignment	: 64
address sizes	: 39 bits physical, 48 bits virtual
power management:

processor	: 2
vendor_id	: GenuineIntel
cpu family	: 6
model		: 158
model name	: Intel(R) Core(TM) i5-7400 CPU @ 3.00GHz
stepping	: 9
microcode	: 0x5e
cpu MHz		: 1100.000
cache size	: 6144 KB
physical id	: 0
siblings	: 4
core id		: 2
cpu cores	: 4
apicid		: 4
initial apicid	: 4
fpu		: yes
fpu_exception	: yes
cpuid level	: 22
wp		: yes
flags		: fpu vme de pse tsc msr pae mce cx8 apic sep mtrr pge mca cmov pat pse36 clflush dts acpi mmx fxsr sse sse2 ss ht tm pbe syscall nx pdpe1gb rdtscp lm constant_tsc art arch_perfmon pebs bts rep_good nopl xtopology nonstop_tsc aperfmperf eagerfpu pni pclmulqdq dtes64 monitor ds_cpl vmx est tm2 ssse3 sdbg fma cx16 xtpr pdcm pcid sse4_1 sse4_2 x2apic movbe popcnt tsc_deadline_timer aes xsave avx f16c rdrand lahf_lm abm 3dnowprefetch intel_pt tpr_shadow vnmi flexpriority ept vpid fsgsbase tsc_adjust bmi1 avx2 smep bmi2 erms invpcid mpx rdseed adx smap clflushopt xsaveopt xsavec xgetbv1 xsaves dtherm ida arat pln pts hwp hwp_notify hwp_act_window hwp_epp
bugs		:
bogomips	: 6000.00
clflush size	: 64
cache_alignment	: 64
address sizes	: 39 bits physical, 48 bits virtual
power management:

processor	: 3
vendor_id	: GenuineIntel
cpu family	: 6
model		: 158
model name	: Intel(R) Core(TM) i5-7400 CPU @ 3.00GHz
stepping	: 9
microcode	: 0x5e
cpu MHz		: 800.000
cache size	: 6144 KB
physical id	: 0
siblings	: 4
core id		: 3
cpu cores	: 4
apicid		: 6
initial apicid	: 6
fpu		: yes
fpu_exception	: yes
cpuid level	: 22
wp		: yes
flags		: fpu vme de pse tsc msr pae mce cx8 apic sep mtrr pge mca cmov pat pse36 clflush dts acpi mmx fxsr sse sse2 ss ht tm pbe syscall nx pdpe1gb rdtscp lm constant_tsc art arch_perfmon pebs bts rep_good nopl xtopology nonstop_tsc aperfmperf eagerfpu pni pclmulqdq dtes64 monitor ds_cpl vmx est tm2 ssse3 sdbg fma cx16 xtpr pdcm pcid sse4_1 sse4_2 x2apic movbe popcnt tsc_deadline_timer aes xsave avx f16c rdrand lahf_lm abm 3dnowprefetch intel_pt tpr_shadow vnmi flexpriority ept vpid fsgsbase tsc_adjust bmi1 avx2 smep bmi2 erms invpcid mpx rdseed adx smap clflushopt xsaveopt xsavec xgetbv1 xsaves dtherm ida arat pln pts hwp hwp_notify hwp_act_window hwp_epp
bugs		:
bogomips	: 6000.00
clflush size	: 64
cache_alignment	: 64
address sizes	: 39 bits physical, 48 bits virtual
power management:



Memory: 4k page, physical 8063732k(120700k free), swap 4194300k(16k free)

vm_info: OpenJDK 64-Bit Server VM (25.112-b06) for linux-amd64 JRE (1.8.0_112-release-b06), built on Dec  6 2016 12:11:18 by "builder" with gcc 4.8.4

time: Fri Oct  6 18:01:55 2017
elapsed time: 7 seconds (0d 0h 0m 7s)

